[17:56:17:88][restartedMain][INFO ][BaseFrontApplication:logStarting:50] - Starting BaseFrontApplication using Java 17.0.11 with PID 18724 (D:\_Dev\Java\workspace_sts\BaseFront\target\classes started by 김대광 in D:\_Dev\Java\workspace_sts\BaseFront)
[17:56:17:88][restartedMain][DEBUG][BaseFrontApplication:logStarting:51] - Running with Spring Boot v3.3.0, Spring v6.1.8
[17:56:17:88][restartedMain][INFO ][BaseFrontApplication:logStartupProfileInfo:660] - The following 1 profile is active: "local"
[17:56:19:88][restartedMain][INFO ][BaseFrontApplication:logStarted:56] - Started BaseFrontApplication in 2.485 seconds (process running for 3.171)
[17:56:28:94][http-nio-8080-exec-1][DEBUG][SessionInterceptor:preHandle:42] - org.apache.catalina.session.StandardSessionFacade@6dfd936d
[17:56:29:13][http-nio-8080-exec-2][DEBUG][SessionInterceptor:preHandle:42] - org.apache.catalina.session.StandardSessionFacade@6dfd936d
[17:56:29:14][http-nio-8080-exec-3][DEBUG][SessionInterceptor:preHandle:42] - org.apache.catalina.session.StandardSessionFacade@6dfd936d
[17:56:29:15][http-nio-8080-exec-4][DEBUG][SessionInterceptor:preHandle:42] - org.apache.catalina.session.StandardSessionFacade@6dfd936d
[17:56:29:17][http-nio-8080-exec-5][DEBUG][SessionInterceptor:preHandle:42] - org.apache.catalina.session.StandardSessionFacade@6dfd936d
[17:56:29:18][http-nio-8080-exec-6][DEBUG][SessionInterceptor:preHandle:42] - org.apache.catalina.session.StandardSessionFacade@6dfd936d
[17:56:29:20][http-nio-8080-exec-7][DEBUG][SessionInterceptor:preHandle:42] - org.apache.catalina.session.StandardSessionFacade@6dfd936d
[17:56:29:21][http-nio-8080-exec-8][DEBUG][SessionInterceptor:preHandle:42] - org.apache.catalina.session.StandardSessionFacade@6dfd936d
[17:56:29:23][http-nio-8080-exec-9][DEBUG][SessionInterceptor:preHandle:42] - org.apache.catalina.session.StandardSessionFacade@6dfd936d
[17:56:29:24][http-nio-8080-exec-10][DEBUG][SessionInterceptor:preHandle:42] - org.apache.catalina.session.StandardSessionFacade@6dfd936d
[17:56:29:26][http-nio-8080-exec-1][DEBUG][SessionInterceptor:preHandle:42] - org.apache.catalina.session.StandardSessionFacade@6dfd936d
[17:56:29:27][http-nio-8080-exec-2][DEBUG][SessionInterceptor:preHandle:42] - org.apache.catalina.session.StandardSessionFacade@6dfd936d
[17:56:29:28][http-nio-8080-exec-3][DEBUG][SessionInterceptor:preHandle:42] - org.apache.catalina.session.StandardSessionFacade@6dfd936d
[17:56:29:29][http-nio-8080-exec-4][DEBUG][SessionInterceptor:preHandle:42] - org.apache.catalina.session.StandardSessionFacade@6dfd936d
[17:56:29:30][http-nio-8080-exec-5][DEBUG][SessionInterceptor:preHandle:42] - org.apache.catalina.session.StandardSessionFacade@6dfd936d
[17:56:29:31][http-nio-8080-exec-6][DEBUG][SessionInterceptor:preHandle:42] - org.apache.catalina.session.StandardSessionFacade@6dfd936d
[17:56:29:35][http-nio-8080-exec-7][DEBUG][SessionInterceptor:preHandle:42] - org.apache.catalina.session.StandardSessionFacade@6dfd936d
[17:56:29:36][http-nio-8080-exec-8][DEBUG][SessionInterceptor:preHandle:42] - org.apache.catalina.session.StandardSessionFacade@6dfd936d
[17:56:29:37][http-nio-8080-exec-9][DEBUG][SessionInterceptor:preHandle:42] - org.apache.catalina.session.StandardSessionFacade@6dfd936d
[17:56:29:38][http-nio-8080-exec-10][DEBUG][SessionInterceptor:preHandle:42] - org.apache.catalina.session.StandardSessionFacade@6dfd936d
[17:56:30:50][http-nio-8080-exec-1][DEBUG][SessionInterceptor:preHandle:42] - org.apache.catalina.session.StandardSessionFacade@6dfd936d
[17:56:30:51][http-nio-8080-exec-2][DEBUG][SessionInterceptor:preHandle:42] - org.apache.catalina.session.StandardSessionFacade@6dfd936d
[17:56:30:52][http-nio-8080-exec-3][DEBUG][SessionInterceptor:preHandle:42] - org.apache.catalina.session.StandardSessionFacade@6dfd936d
[17:56:30:53][http-nio-8080-exec-4][DEBUG][SessionInterceptor:preHandle:42] - org.apache.catalina.session.StandardSessionFacade@6dfd936d
[17:56:30:54][http-nio-8080-exec-5][DEBUG][SessionInterceptor:preHandle:42] - org.apache.catalina.session.StandardSessionFacade@6dfd936d
[17:56:30:55][http-nio-8080-exec-6][DEBUG][SessionInterceptor:preHandle:42] - org.apache.catalina.session.StandardSessionFacade@6dfd936d
[17:56:30:58][http-nio-8080-exec-7][DEBUG][SessionInterceptor:preHandle:42] - org.apache.catalina.session.StandardSessionFacade@6dfd936d
[17:56:30:59][http-nio-8080-exec-8][DEBUG][SessionInterceptor:preHandle:42] - org.apache.catalina.session.StandardSessionFacade@6dfd936d
[17:56:30:60][http-nio-8080-exec-9][DEBUG][SessionInterceptor:preHandle:42] - org.apache.catalina.session.StandardSessionFacade@6dfd936d
[17:56:30:62][http-nio-8080-exec-10][DEBUG][SessionInterceptor:preHandle:42] - org.apache.catalina.session.StandardSessionFacade@6dfd936d
[17:56:30:63][http-nio-8080-exec-1][DEBUG][SessionInterceptor:preHandle:42] - org.apache.catalina.session.StandardSessionFacade@6dfd936d
[17:56:30:65][http-nio-8080-exec-2][DEBUG][SessionInterceptor:preHandle:42] - org.apache.catalina.session.StandardSessionFacade@6dfd936d
[17:56:30:66][http-nio-8080-exec-3][DEBUG][SessionInterceptor:preHandle:42] - org.apache.catalina.session.StandardSessionFacade@6dfd936d
[17:56:30:67][http-nio-8080-exec-4][DEBUG][SessionInterceptor:preHandle:42] - org.apache.catalina.session.StandardSessionFacade@6dfd936d
[17:56:30:68][http-nio-8080-exec-5][DEBUG][SessionInterceptor:preHandle:42] - org.apache.catalina.session.StandardSessionFacade@6dfd936d
[17:56:30:68][http-nio-8080-exec-6][DEBUG][SessionInterceptor:preHandle:42] - org.apache.catalina.session.StandardSessionFacade@6dfd936d
[17:56:30:70][http-nio-8080-exec-7][DEBUG][SessionInterceptor:preHandle:42] - org.apache.catalina.session.StandardSessionFacade@6dfd936d
[17:56:30:71][http-nio-8080-exec-8][DEBUG][SessionInterceptor:preHandle:42] - org.apache.catalina.session.StandardSessionFacade@6dfd936d
[17:56:30:72][http-nio-8080-exec-9][DEBUG][SessionInterceptor:preHandle:42] - org.apache.catalina.session.StandardSessionFacade@6dfd936d
[17:56:30:73][http-nio-8080-exec-10][DEBUG][SessionInterceptor:preHandle:42] - org.apache.catalina.session.StandardSessionFacade@6dfd936d
[17:56:35:81][http-nio-8080-exec-1][DEBUG][SessionInterceptor:preHandle:42] - org.apache.catalina.session.StandardSessionFacade@6dfd936d
[17:56:35:82][http-nio-8080-exec-2][DEBUG][SessionInterceptor:preHandle:42] - org.apache.catalina.session.StandardSessionFacade@6dfd936d
[17:56:35:83][http-nio-8080-exec-3][DEBUG][SessionInterceptor:preHandle:42] - org.apache.catalina.session.StandardSessionFacade@6dfd936d
[17:56:35:84][http-nio-8080-exec-4][DEBUG][SessionInterceptor:preHandle:42] - org.apache.catalina.session.StandardSessionFacade@6dfd936d
[17:56:35:86][http-nio-8080-exec-5][DEBUG][SessionInterceptor:preHandle:42] - org.apache.catalina.session.StandardSessionFacade@6dfd936d
[17:56:35:87][http-nio-8080-exec-6][DEBUG][SessionInterceptor:preHandle:42] - org.apache.catalina.session.StandardSessionFacade@6dfd936d
[17:56:35:88][http-nio-8080-exec-7][DEBUG][SessionInterceptor:preHandle:42] - org.apache.catalina.session.StandardSessionFacade@6dfd936d
[17:56:35:89][http-nio-8080-exec-8][DEBUG][SessionInterceptor:preHandle:42] - org.apache.catalina.session.StandardSessionFacade@6dfd936d
[17:56:35:90][http-nio-8080-exec-9][DEBUG][SessionInterceptor:preHandle:42] - org.apache.catalina.session.StandardSessionFacade@6dfd936d
[17:56:35:91][http-nio-8080-exec-10][DEBUG][SessionInterceptor:preHandle:42] - org.apache.catalina.session.StandardSessionFacade@6dfd936d
[17:56:35:93][http-nio-8080-exec-1][DEBUG][SessionInterceptor:preHandle:42] - org.apache.catalina.session.StandardSessionFacade@6dfd936d
[17:56:35:94][http-nio-8080-exec-2][DEBUG][SessionInterceptor:preHandle:42] - org.apache.catalina.session.StandardSessionFacade@6dfd936d
[17:56:35:95][http-nio-8080-exec-3][DEBUG][SessionInterceptor:preHandle:42] - org.apache.catalina.session.StandardSessionFacade@6dfd936d
[17:56:35:96][http-nio-8080-exec-4][DEBUG][SessionInterceptor:preHandle:42] - org.apache.catalina.session.StandardSessionFacade@6dfd936d
[17:56:35:97][http-nio-8080-exec-5][DEBUG][SessionInterceptor:preHandle:42] - org.apache.catalina.session.StandardSessionFacade@6dfd936d
[17:56:35:98][http-nio-8080-exec-6][DEBUG][SessionInterceptor:preHandle:42] - org.apache.catalina.session.StandardSessionFacade@6dfd936d
[17:56:36:00][http-nio-8080-exec-7][DEBUG][SessionInterceptor:preHandle:42] - org.apache.catalina.session.StandardSessionFacade@6dfd936d
[17:56:36:01][http-nio-8080-exec-8][DEBUG][SessionInterceptor:preHandle:42] - org.apache.catalina.session.StandardSessionFacade@6dfd936d
[17:56:36:02][http-nio-8080-exec-9][DEBUG][SessionInterceptor:preHandle:42] - org.apache.catalina.session.StandardSessionFacade@6dfd936d
[17:56:36:03][http-nio-8080-exec-10][DEBUG][SessionInterceptor:preHandle:42] - org.apache.catalina.session.StandardSessionFacade@6dfd936d
[17:56:53:68][http-nio-8080-exec-2][DEBUG][SessionInterceptor:preHandle:42] - org.apache.catalina.session.StandardSessionFacade@6dfd936d
[17:56:53:70][http-nio-8080-exec-3][DEBUG][SessionInterceptor:preHandle:42] - org.apache.catalina.session.StandardSessionFacade@6dfd936d
[17:56:53:71][http-nio-8080-exec-4][DEBUG][SessionInterceptor:preHandle:42] - org.apache.catalina.session.StandardSessionFacade@6dfd936d
[17:56:53:73][http-nio-8080-exec-5][DEBUG][SessionInterceptor:preHandle:42] - org.apache.catalina.session.StandardSessionFacade@6dfd936d
[17:56:53:75][http-nio-8080-exec-6][DEBUG][SessionInterceptor:preHandle:42] - org.apache.catalina.session.StandardSessionFacade@6dfd936d
[17:56:53:76][http-nio-8080-exec-7][DEBUG][SessionInterceptor:preHandle:42] - org.apache.catalina.session.StandardSessionFacade@6dfd936d
[17:56:53:77][http-nio-8080-exec-8][DEBUG][SessionInterceptor:preHandle:42] - org.apache.catalina.session.StandardSessionFacade@6dfd936d
[17:56:53:78][http-nio-8080-exec-9][DEBUG][SessionInterceptor:preHandle:42] - org.apache.catalina.session.StandardSessionFacade@6dfd936d
[17:56:53:78][http-nio-8080-exec-10][DEBUG][SessionInterceptor:preHandle:42] - org.apache.catalina.session.StandardSessionFacade@6dfd936d
[17:56:53:79][http-nio-8080-exec-1][DEBUG][SessionInterceptor:preHandle:42] - org.apache.catalina.session.StandardSessionFacade@6dfd936d
[17:56:53:80][http-nio-8080-exec-2][DEBUG][SessionInterceptor:preHandle:42] - org.apache.catalina.session.StandardSessionFacade@6dfd936d
[17:56:53:82][http-nio-8080-exec-3][DEBUG][SessionInterceptor:preHandle:42] - org.apache.catalina.session.StandardSessionFacade@6dfd936d
[17:56:53:83][http-nio-8080-exec-4][DEBUG][SessionInterceptor:preHandle:42] - org.apache.catalina.session.StandardSessionFacade@6dfd936d
[17:56:53:83][http-nio-8080-exec-5][DEBUG][SessionInterceptor:preHandle:42] - org.apache.catalina.session.StandardSessionFacade@6dfd936d
[17:56:53:85][http-nio-8080-exec-6][DEBUG][SessionInterceptor:preHandle:42] - org.apache.catalina.session.StandardSessionFacade@6dfd936d
[17:56:53:86][http-nio-8080-exec-7][DEBUG][SessionInterceptor:preHandle:42] - org.apache.catalina.session.StandardSessionFacade@6dfd936d
[17:56:53:87][http-nio-8080-exec-8][DEBUG][SessionInterceptor:preHandle:42] - org.apache.catalina.session.StandardSessionFacade@6dfd936d
[17:56:53:88][http-nio-8080-exec-9][DEBUG][SessionInterceptor:preHandle:42] - org.apache.catalina.session.StandardSessionFacade@6dfd936d
[17:56:53:89][http-nio-8080-exec-10][DEBUG][SessionInterceptor:preHandle:42] - org.apache.catalina.session.StandardSessionFacade@6dfd936d
[17:56:54:94][http-nio-8080-exec-1][DEBUG][SessionInterceptor:preHandle:42] - org.apache.catalina.session.StandardSessionFacade@6dfd936d
[17:56:54:95][http-nio-8080-exec-2][DEBUG][SessionInterceptor:preHandle:42] - org.apache.catalina.session.StandardSessionFacade@6dfd936d
[17:56:54:96][http-nio-8080-exec-3][DEBUG][SessionInterceptor:preHandle:42] - org.apache.catalina.session.StandardSessionFacade@6dfd936d
[17:56:54:98][http-nio-8080-exec-4][DEBUG][SessionInterceptor:preHandle:42] - org.apache.catalina.session.StandardSessionFacade@6dfd936d
[17:56:55:00][http-nio-8080-exec-5][DEBUG][SessionInterceptor:preHandle:42] - org.apache.catalina.session.StandardSessionFacade@6dfd936d
[17:56:55:01][http-nio-8080-exec-6][DEBUG][SessionInterceptor:preHandle:42] - org.apache.catalina.session.StandardSessionFacade@6dfd936d
[17:56:55:04][http-nio-8080-exec-7][DEBUG][SessionInterceptor:preHandle:42] - org.apache.catalina.session.StandardSessionFacade@6dfd936d
[17:56:55:05][http-nio-8080-exec-8][DEBUG][SessionInterceptor:preHandle:42] - org.apache.catalina.session.StandardSessionFacade@6dfd936d
[17:56:55:07][http-nio-8080-exec-9][DEBUG][SessionInterceptor:preHandle:42] - org.apache.catalina.session.StandardSessionFacade@6dfd936d
[17:56:55:08][http-nio-8080-exec-10][DEBUG][SessionInterceptor:preHandle:42] - org.apache.catalina.session.StandardSessionFacade@6dfd936d
[17:56:55:09][http-nio-8080-exec-1][DEBUG][SessionInterceptor:preHandle:42] - org.apache.catalina.session.StandardSessionFacade@6dfd936d
[17:56:55:12][http-nio-8080-exec-2][DEBUG][SessionInterceptor:preHandle:42] - org.apache.catalina.session.StandardSessionFacade@6dfd936d
[17:56:55:12][http-nio-8080-exec-3][DEBUG][SessionInterceptor:preHandle:42] - org.apache.catalina.session.StandardSessionFacade@6dfd936d
[17:56:55:13][http-nio-8080-exec-4][DEBUG][SessionInterceptor:preHandle:42] - org.apache.catalina.session.StandardSessionFacade@6dfd936d
[17:56:55:14][http-nio-8080-exec-5][DEBUG][SessionInterceptor:preHandle:42] - org.apache.catalina.session.StandardSessionFacade@6dfd936d
[17:56:55:15][http-nio-8080-exec-6][DEBUG][SessionInterceptor:preHandle:42] - org.apache.catalina.session.StandardSessionFacade@6dfd936d
[17:56:55:16][http-nio-8080-exec-7][DEBUG][SessionInterceptor:preHandle:42] - org.apache.catalina.session.StandardSessionFacade@6dfd936d
[17:56:55:17][http-nio-8080-exec-8][DEBUG][SessionInterceptor:preHandle:42] - org.apache.catalina.session.StandardSessionFacade@6dfd936d
[17:56:55:18][http-nio-8080-exec-9][DEBUG][SessionInterceptor:preHandle:42] - org.apache.catalina.session.StandardSessionFacade@6dfd936d
[17:56:55:19][http-nio-8080-exec-10][DEBUG][SessionInterceptor:preHandle:42] - org.apache.catalina.session.StandardSessionFacade@6dfd936d
[17:57:00:30][http-nio-8080-exec-1][DEBUG][SessionInterceptor:preHandle:42] - org.apache.catalina.session.StandardSessionFacade@6dfd936d
[17:57:00:32][http-nio-8080-exec-2][DEBUG][SessionInterceptor:preHandle:42] - org.apache.catalina.session.StandardSessionFacade@6dfd936d
[17:57:00:33][http-nio-8080-exec-3][DEBUG][SessionInterceptor:preHandle:42] - org.apache.catalina.session.StandardSessionFacade@6dfd936d
[17:57:00:34][http-nio-8080-exec-4][DEBUG][SessionInterceptor:preHandle:42] - org.apache.catalina.session.StandardSessionFacade@6dfd936d
[17:57:00:35][http-nio-8080-exec-5][DEBUG][SessionInterceptor:preHandle:42] - org.apache.catalina.session.StandardSessionFacade@6dfd936d
[17:57:00:36][http-nio-8080-exec-6][DEBUG][SessionInterceptor:preHandle:42] - org.apache.catalina.session.StandardSessionFacade@6dfd936d
[17:57:00:37][http-nio-8080-exec-7][DEBUG][SessionInterceptor:preHandle:42] - org.apache.catalina.session.StandardSessionFacade@6dfd936d
[17:57:00:38][http-nio-8080-exec-8][DEBUG][SessionInterceptor:preHandle:42] - org.apache.catalina.session.StandardSessionFacade@6dfd936d
[17:57:00:39][http-nio-8080-exec-9][DEBUG][SessionInterceptor:preHandle:42] - org.apache.catalina.session.StandardSessionFacade@6dfd936d
[17:57:00:40][http-nio-8080-exec-10][DEBUG][SessionInterceptor:preHandle:42] - org.apache.catalina.session.StandardSessionFacade@6dfd936d
[17:57:00:41][http-nio-8080-exec-1][DEBUG][SessionInterceptor:preHandle:42] - org.apache.catalina.session.StandardSessionFacade@6dfd936d
[17:57:00:42][http-nio-8080-exec-2][DEBUG][SessionInterceptor:preHandle:42] - org.apache.catalina.session.StandardSessionFacade@6dfd936d
[17:57:00:43][http-nio-8080-exec-3][DEBUG][SessionInterceptor:preHandle:42] - org.apache.catalina.session.StandardSessionFacade@6dfd936d
[17:57:00:44][http-nio-8080-exec-4][DEBUG][SessionInterceptor:preHandle:42] - org.apache.catalina.session.StandardSessionFacade@6dfd936d
[17:57:00:45][http-nio-8080-exec-5][DEBUG][SessionInterceptor:preHandle:42] - org.apache.catalina.session.StandardSessionFacade@6dfd936d
[17:57:00:46][http-nio-8080-exec-6][DEBUG][SessionInterceptor:preHandle:42] - org.apache.catalina.session.StandardSessionFacade@6dfd936d
[17:57:00:48][http-nio-8080-exec-7][DEBUG][SessionInterceptor:preHandle:42] - org.apache.catalina.session.StandardSessionFacade@6dfd936d
[17:57:00:48][http-nio-8080-exec-8][DEBUG][SessionInterceptor:preHandle:42] - org.apache.catalina.session.StandardSessionFacade@6dfd936d
[17:57:00:49][http-nio-8080-exec-9][DEBUG][SessionInterceptor:preHandle:42] - org.apache.catalina.session.StandardSessionFacade@6dfd936d
[17:57:00:50][http-nio-8080-exec-10][DEBUG][SessionInterceptor:preHandle:42] - org.apache.catalina.session.StandardSessionFacade@6dfd936d
[17:57:30:62][http-nio-8080-exec-1][DEBUG][SessionInterceptor:preHandle:42] - org.apache.catalina.session.StandardSessionFacade@6dfd936d
[17:57:30:63][http-nio-8080-exec-2][DEBUG][SessionInterceptor:preHandle:42] - org.apache.catalina.session.StandardSessionFacade@6dfd936d
[17:57:30:65][http-nio-8080-exec-3][DEBUG][SessionInterceptor:preHandle:42] - org.apache.catalina.session.StandardSessionFacade@6dfd936d
[17:57:30:67][http-nio-8080-exec-4][DEBUG][SessionInterceptor:preHandle:42] - org.apache.catalina.session.StandardSessionFacade@6dfd936d
[17:57:30:68][http-nio-8080-exec-5][DEBUG][SessionInterceptor:preHandle:42] - org.apache.catalina.session.StandardSessionFacade@6dfd936d
[17:57:30:69][http-nio-8080-exec-6][DEBUG][SessionInterceptor:preHandle:42] - org.apache.catalina.session.StandardSessionFacade@6dfd936d
[17:57:30:70][http-nio-8080-exec-7][DEBUG][SessionInterceptor:preHandle:42] - org.apache.catalina.session.StandardSessionFacade@6dfd936d
[17:57:30:73][http-nio-8080-exec-8][DEBUG][SessionInterceptor:preHandle:42] - org.apache.catalina.session.StandardSessionFacade@6dfd936d
[17:57:30:77][http-nio-8080-exec-9][DEBUG][SessionInterceptor:preHandle:42] - org.apache.catalina.session.StandardSessionFacade@6dfd936d
[17:57:30:80][http-nio-8080-exec-10][DEBUG][SessionInterceptor:preHandle:42] - org.apache.catalina.session.StandardSessionFacade@6dfd936d
[17:57:30:82][http-nio-8080-exec-1][DEBUG][SessionInterceptor:preHandle:42] - org.apache.catalina.session.StandardSessionFacade@6dfd936d
[17:57:30:87][http-nio-8080-exec-2][DEBUG][SessionInterceptor:preHandle:42] - org.apache.catalina.session.StandardSessionFacade@6dfd936d
[17:57:30:88][http-nio-8080-exec-3][DEBUG][SessionInterceptor:preHandle:42] - org.apache.catalina.session.StandardSessionFacade@6dfd936d
[17:57:30:89][http-nio-8080-exec-4][DEBUG][SessionInterceptor:preHandle:42] - org.apache.catalina.session.StandardSessionFacade@6dfd936d
[17:57:30:89][http-nio-8080-exec-5][DEBUG][SessionInterceptor:preHandle:42] - org.apache.catalina.session.StandardSessionFacade@6dfd936d
[17:57:30:91][http-nio-8080-exec-6][DEBUG][SessionInterceptor:preHandle:42] - org.apache.catalina.session.StandardSessionFacade@6dfd936d
[17:57:30:92][http-nio-8080-exec-7][DEBUG][SessionInterceptor:preHandle:42] - org.apache.catalina.session.StandardSessionFacade@6dfd936d
[17:57:30:93][http-nio-8080-exec-8][DEBUG][SessionInterceptor:preHandle:42] - org.apache.catalina.session.StandardSessionFacade@6dfd936d
[17:57:30:94][http-nio-8080-exec-9][DEBUG][SessionInterceptor:preHandle:42] - org.apache.catalina.session.StandardSessionFacade@6dfd936d
[17:57:30:95][http-nio-8080-exec-10][DEBUG][SessionInterceptor:preHandle:42] - org.apache.catalina.session.StandardSessionFacade@6dfd936d
[17:57:42:47][restartedMain][INFO ][BaseFrontApplication:logStarting:50] - Starting BaseFrontApplication using Java 17.0.11 with PID 18724 (D:\_Dev\Java\workspace_sts\BaseFront\target\classes started by 김대광 in D:\_Dev\Java\workspace_sts\BaseFront)
[17:57:42:47][restartedMain][DEBUG][BaseFrontApplication:logStarting:51] - Running with Spring Boot v3.3.0, Spring v6.1.8
[17:57:42:47][restartedMain][INFO ][BaseFrontApplication:logStartupProfileInfo:660] - The following 1 profile is active: "local"
[17:57:42:93][restartedMain][INFO ][BaseFrontApplication:logStarted:56] - Started BaseFrontApplication in 0.495 seconds (process running for 86.222)
[17:57:56:68][http-nio-8080-exec-2][DEBUG][SessionInterceptor:preHandle:42] - org.apache.catalina.session.StandardSessionFacade@7704deef
[17:57:56:83][http-nio-8080-exec-3][DEBUG][SessionInterceptor:preHandle:42] - org.apache.catalina.session.StandardSessionFacade@7704deef
[17:57:56:83][http-nio-8080-exec-4][DEBUG][SessionInterceptor:preHandle:42] - org.apache.catalina.session.StandardSessionFacade@7704deef
[17:57:56:84][http-nio-8080-exec-5][DEBUG][SessionInterceptor:preHandle:42] - org.apache.catalina.session.StandardSessionFacade@7704deef
[17:57:56:85][http-nio-8080-exec-6][DEBUG][SessionInterceptor:preHandle:42] - org.apache.catalina.session.StandardSessionFacade@7704deef
[17:57:56:86][http-nio-8080-exec-7][DEBUG][SessionInterceptor:preHandle:42] - org.apache.catalina.session.StandardSessionFacade@7704deef
[17:57:56:87][http-nio-8080-exec-8][DEBUG][SessionInterceptor:preHandle:42] - org.apache.catalina.session.StandardSessionFacade@7704deef
[17:57:56:88][http-nio-8080-exec-9][DEBUG][SessionInterceptor:preHandle:42] - org.apache.catalina.session.StandardSessionFacade@7704deef
[17:57:56:88][http-nio-8080-exec-10][DEBUG][SessionInterceptor:preHandle:42] - org.apache.catalina.session.StandardSessionFacade@7704deef
[17:57:56:89][http-nio-8080-exec-1][DEBUG][SessionInterceptor:preHandle:42] - org.apache.catalina.session.StandardSessionFacade@7704deef
[17:57:56:91][http-nio-8080-exec-2][DEBUG][SessionInterceptor:preHandle:42] - org.apache.catalina.session.StandardSessionFacade@7704deef
[17:57:56:92][http-nio-8080-exec-3][DEBUG][SessionInterceptor:preHandle:42] - org.apache.catalina.session.StandardSessionFacade@7704deef
[17:57:56:93][http-nio-8080-exec-4][DEBUG][SessionInterceptor:preHandle:42] - org.apache.catalina.session.StandardSessionFacade@7704deef
[17:57:56:93][http-nio-8080-exec-5][DEBUG][SessionInterceptor:preHandle:42] - org.apache.catalina.session.StandardSessionFacade@7704deef
[17:57:56:94][http-nio-8080-exec-6][DEBUG][SessionInterceptor:preHandle:42] - org.apache.catalina.session.StandardSessionFacade@7704deef
[17:57:56:95][http-nio-8080-exec-7][DEBUG][SessionInterceptor:preHandle:42] - org.apache.catalina.session.StandardSessionFacade@7704deef
[17:57:56:96][http-nio-8080-exec-8][DEBUG][SessionInterceptor:preHandle:42] - org.apache.catalina.session.StandardSessionFacade@7704deef
[17:57:56:97][http-nio-8080-exec-9][DEBUG][SessionInterceptor:preHandle:42] - org.apache.catalina.session.StandardSessionFacade@7704deef
[17:57:56:99][http-nio-8080-exec-10][DEBUG][SessionInterceptor:preHandle:42] - org.apache.catalina.session.StandardSessionFacade@7704deef
[17:57:58:06][http-nio-8080-exec-1][DEBUG][SessionInterceptor:preHandle:42] - org.apache.catalina.session.StandardSessionFacade@7704deef
[17:57:58:09][http-nio-8080-exec-2][DEBUG][SessionInterceptor:preHandle:42] - org.apache.catalina.session.StandardSessionFacade@7704deef
[17:57:58:10][http-nio-8080-exec-3][DEBUG][SessionInterceptor:preHandle:42] - org.apache.catalina.session.StandardSessionFacade@7704deef
[17:57:58:10][http-nio-8080-exec-4][DEBUG][SessionInterceptor:preHandle:42] - org.apache.catalina.session.StandardSessionFacade@7704deef
[17:57:58:11][http-nio-8080-exec-5][DEBUG][SessionInterceptor:preHandle:42] - org.apache.catalina.session.StandardSessionFacade@7704deef
[17:57:58:13][http-nio-8080-exec-6][DEBUG][SessionInterceptor:preHandle:42] - org.apache.catalina.session.StandardSessionFacade@7704deef
[17:57:58:14][http-nio-8080-exec-7][DEBUG][SessionInterceptor:preHandle:42] - org.apache.catalina.session.StandardSessionFacade@7704deef
[17:57:58:15][http-nio-8080-exec-8][DEBUG][SessionInterceptor:preHandle:42] - org.apache.catalina.session.StandardSessionFacade@7704deef
[17:57:58:16][http-nio-8080-exec-9][DEBUG][SessionInterceptor:preHandle:42] - org.apache.catalina.session.StandardSessionFacade@7704deef
[17:57:58:17][http-nio-8080-exec-10][DEBUG][SessionInterceptor:preHandle:42] - org.apache.catalina.session.StandardSessionFacade@7704deef
[17:57:58:18][http-nio-8080-exec-1][DEBUG][SessionInterceptor:preHandle:42] - org.apache.catalina.session.StandardSessionFacade@7704deef
[17:57:58:20][http-nio-8080-exec-2][DEBUG][SessionInterceptor:preHandle:42] - org.apache.catalina.session.StandardSessionFacade@7704deef
[17:57:58:21][http-nio-8080-exec-3][DEBUG][SessionInterceptor:preHandle:42] - org.apache.catalina.session.StandardSessionFacade@7704deef
[17:57:58:22][http-nio-8080-exec-4][DEBUG][SessionInterceptor:preHandle:42] - org.apache.catalina.session.StandardSessionFacade@7704deef
[17:57:58:23][http-nio-8080-exec-5][DEBUG][SessionInterceptor:preHandle:42] - org.apache.catalina.session.StandardSessionFacade@7704deef
[17:57:58:23][http-nio-8080-exec-6][DEBUG][SessionInterceptor:preHandle:42] - org.apache.catalina.session.StandardSessionFacade@7704deef
[17:57:58:25][http-nio-8080-exec-7][DEBUG][SessionInterceptor:preHandle:42] - org.apache.catalina.session.StandardSessionFacade@7704deef
[17:57:58:26][http-nio-8080-exec-8][DEBUG][SessionInterceptor:preHandle:42] - org.apache.catalina.session.StandardSessionFacade@7704deef
[17:57:58:27][http-nio-8080-exec-9][DEBUG][SessionInterceptor:preHandle:42] - org.apache.catalina.session.StandardSessionFacade@7704deef
[17:57:58:28][http-nio-8080-exec-10][DEBUG][SessionInterceptor:preHandle:42] - org.apache.catalina.session.StandardSessionFacade@7704deef
[17:58:03:32][http-nio-8080-exec-1][DEBUG][SessionInterceptor:preHandle:42] - org.apache.catalina.session.StandardSessionFacade@7704deef
[17:58:03:33][http-nio-8080-exec-2][DEBUG][SessionInterceptor:preHandle:42] - org.apache.catalina.session.StandardSessionFacade@7704deef
[17:58:03:34][http-nio-8080-exec-3][DEBUG][SessionInterceptor:preHandle:42] - org.apache.catalina.session.StandardSessionFacade@7704deef
[17:58:03:34][http-nio-8080-exec-4][DEBUG][SessionInterceptor:preHandle:42] - org.apache.catalina.session.StandardSessionFacade@7704deef
[17:58:03:35][http-nio-8080-exec-5][DEBUG][SessionInterceptor:preHandle:42] - org.apache.catalina.session.StandardSessionFacade@7704deef
[17:58:03:36][http-nio-8080-exec-6][DEBUG][SessionInterceptor:preHandle:42] - org.apache.catalina.session.StandardSessionFacade@7704deef
[17:58:03:37][http-nio-8080-exec-7][DEBUG][SessionInterceptor:preHandle:42] - org.apache.catalina.session.StandardSessionFacade@7704deef
[17:58:03:37][http-nio-8080-exec-8][DEBUG][SessionInterceptor:preHandle:42] - org.apache.catalina.session.StandardSessionFacade@7704deef
[17:58:03:38][http-nio-8080-exec-9][DEBUG][SessionInterceptor:preHandle:42] - org.apache.catalina.session.StandardSessionFacade@7704deef
[17:58:03:39][http-nio-8080-exec-10][DEBUG][SessionInterceptor:preHandle:42] - org.apache.catalina.session.StandardSessionFacade@7704deef
[17:58:03:40][http-nio-8080-exec-1][DEBUG][SessionInterceptor:preHandle:42] - org.apache.catalina.session.StandardSessionFacade@7704deef
[17:58:03:40][http-nio-8080-exec-2][DEBUG][SessionInterceptor:preHandle:42] - org.apache.catalina.session.StandardSessionFacade@7704deef
[17:58:03:41][http-nio-8080-exec-3][DEBUG][SessionInterceptor:preHandle:42] - org.apache.catalina.session.StandardSessionFacade@7704deef
[17:58:03:43][http-nio-8080-exec-4][DEBUG][SessionInterceptor:preHandle:42] - org.apache.catalina.session.StandardSessionFacade@7704deef
[17:58:03:44][http-nio-8080-exec-5][DEBUG][SessionInterceptor:preHandle:42] - org.apache.catalina.session.StandardSessionFacade@7704deef
[17:58:03:45][http-nio-8080-exec-6][DEBUG][SessionInterceptor:preHandle:42] - org.apache.catalina.session.StandardSessionFacade@7704deef
[17:58:03:46][http-nio-8080-exec-7][DEBUG][SessionInterceptor:preHandle:42] - org.apache.catalina.session.StandardSessionFacade@7704deef
[17:58:03:47][http-nio-8080-exec-8][DEBUG][SessionInterceptor:preHandle:42] - org.apache.catalina.session.StandardSessionFacade@7704deef
[17:58:03:48][http-nio-8080-exec-9][DEBUG][SessionInterceptor:preHandle:42] - org.apache.catalina.session.StandardSessionFacade@7704deef
[17:58:03:49][http-nio-8080-exec-10][DEBUG][SessionInterceptor:preHandle:42] - org.apache.catalina.session.StandardSessionFacade@7704deef
[17:58:07:88][restartedMain][INFO ][BaseFrontApplication:logStarting:50] - Starting BaseFrontApplication using Java 17.0.11 with PID 18724 (D:\_Dev\Java\workspace_sts\BaseFront\target\classes started by 김대광 in D:\_Dev\Java\workspace_sts\BaseFront)
[17:58:07:88][restartedMain][DEBUG][BaseFrontApplication:logStarting:51] - Running with Spring Boot v3.3.0, Spring v6.1.8
[17:58:07:88][restartedMain][INFO ][BaseFrontApplication:logStartupProfileInfo:660] - The following 1 profile is active: "local"
[17:58:08:27][restartedMain][INFO ][BaseFrontApplication:logStarted:56] - Started BaseFrontApplication in 0.416 seconds (process running for 111.556)
[17:58:12:26][http-nio-8080-exec-2][DEBUG][SessionInterceptor:preHandle:42] - org.apache.catalina.session.StandardSessionFacade@54d7edbf
[17:58:12:38][http-nio-8080-exec-3][DEBUG][SessionInterceptor:preHandle:42] - org.apache.catalina.session.StandardSessionFacade@54d7edbf
[17:58:12:39][http-nio-8080-exec-4][DEBUG][SessionInterceptor:preHandle:42] - org.apache.catalina.session.StandardSessionFacade@54d7edbf
[17:58:12:40][http-nio-8080-exec-5][DEBUG][SessionInterceptor:preHandle:42] - org.apache.catalina.session.StandardSessionFacade@54d7edbf
[17:58:12:41][http-nio-8080-exec-6][DEBUG][SessionInterceptor:preHandle:42] - org.apache.catalina.session.StandardSessionFacade@54d7edbf
[17:58:12:42][http-nio-8080-exec-7][DEBUG][SessionInterceptor:preHandle:42] - org.apache.catalina.session.StandardSessionFacade@54d7edbf
[17:58:12:43][http-nio-8080-exec-8][DEBUG][SessionInterceptor:preHandle:42] - org.apache.catalina.session.StandardSessionFacade@54d7edbf
[17:58:12:43][http-nio-8080-exec-9][DEBUG][SessionInterceptor:preHandle:42] - org.apache.catalina.session.StandardSessionFacade@54d7edbf
[17:58:12:44][http-nio-8080-exec-10][DEBUG][SessionInterceptor:preHandle:42] - org.apache.catalina.session.StandardSessionFacade@54d7edbf
[17:58:12:45][http-nio-8080-exec-1][DEBUG][SessionInterceptor:preHandle:42] - org.apache.catalina.session.StandardSessionFacade@54d7edbf
[17:58:12:46][http-nio-8080-exec-2][DEBUG][SessionInterceptor:preHandle:42] - org.apache.catalina.session.StandardSessionFacade@54d7edbf
[17:58:12:47][http-nio-8080-exec-3][DEBUG][SessionInterceptor:preHandle:42] - org.apache.catalina.session.StandardSessionFacade@54d7edbf
[17:58:12:48][http-nio-8080-exec-4][DEBUG][SessionInterceptor:preHandle:42] - org.apache.catalina.session.StandardSessionFacade@54d7edbf
[17:58:12:49][http-nio-8080-exec-5][DEBUG][SessionInterceptor:preHandle:42] - org.apache.catalina.session.StandardSessionFacade@54d7edbf
[17:58:12:50][http-nio-8080-exec-6][DEBUG][SessionInterceptor:preHandle:42] - org.apache.catalina.session.StandardSessionFacade@54d7edbf
[17:58:12:51][http-nio-8080-exec-7][DEBUG][SessionInterceptor:preHandle:42] - org.apache.catalina.session.StandardSessionFacade@54d7edbf
[17:58:12:53][http-nio-8080-exec-8][DEBUG][SessionInterceptor:preHandle:42] - org.apache.catalina.session.StandardSessionFacade@54d7edbf
[17:58:12:53][http-nio-8080-exec-9][DEBUG][SessionInterceptor:preHandle:42] - org.apache.catalina.session.StandardSessionFacade@54d7edbf
[17:58:12:54][http-nio-8080-exec-10][DEBUG][SessionInterceptor:preHandle:42] - org.apache.catalina.session.StandardSessionFacade@54d7edbf
[17:58:13:62][http-nio-8080-exec-1][DEBUG][SessionInterceptor:preHandle:42] - org.apache.catalina.session.StandardSessionFacade@54d7edbf
[17:58:13:64][http-nio-8080-exec-2][DEBUG][SessionInterceptor:preHandle:42] - org.apache.catalina.session.StandardSessionFacade@54d7edbf
[17:58:13:65][http-nio-8080-exec-3][DEBUG][SessionInterceptor:preHandle:42] - org.apache.catalina.session.StandardSessionFacade@54d7edbf
[17:58:13:65][http-nio-8080-exec-4][DEBUG][SessionInterceptor:preHandle:42] - org.apache.catalina.session.StandardSessionFacade@54d7edbf
[17:58:13:66][http-nio-8080-exec-5][DEBUG][SessionInterceptor:preHandle:42] - org.apache.catalina.session.StandardSessionFacade@54d7edbf
[17:58:13:67][http-nio-8080-exec-6][DEBUG][SessionInterceptor:preHandle:42] - org.apache.catalina.session.StandardSessionFacade@54d7edbf
[17:58:13:68][http-nio-8080-exec-7][DEBUG][SessionInterceptor:preHandle:42] - org.apache.catalina.session.StandardSessionFacade@54d7edbf
[17:58:13:69][http-nio-8080-exec-8][DEBUG][SessionInterceptor:preHandle:42] - org.apache.catalina.session.StandardSessionFacade@54d7edbf
[17:58:13:70][http-nio-8080-exec-9][DEBUG][SessionInterceptor:preHandle:42] - org.apache.catalina.session.StandardSessionFacade@54d7edbf
[17:58:13:70][http-nio-8080-exec-10][DEBUG][SessionInterceptor:preHandle:42] - org.apache.catalina.session.StandardSessionFacade@54d7edbf
[17:58:13:71][http-nio-8080-exec-1][DEBUG][SessionInterceptor:preHandle:42] - org.apache.catalina.session.StandardSessionFacade@54d7edbf
[17:58:13:72][http-nio-8080-exec-2][DEBUG][SessionInterceptor:preHandle:42] - org.apache.catalina.session.StandardSessionFacade@54d7edbf
[17:58:13:74][http-nio-8080-exec-3][DEBUG][SessionInterceptor:preHandle:42] - org.apache.catalina.session.StandardSessionFacade@54d7edbf
[17:58:13:75][http-nio-8080-exec-4][DEBUG][SessionInterceptor:preHandle:42] - org.apache.catalina.session.StandardSessionFacade@54d7edbf
[17:58:13:76][http-nio-8080-exec-5][DEBUG][SessionInterceptor:preHandle:42] - org.apache.catalina.session.StandardSessionFacade@54d7edbf
[17:58:13:77][http-nio-8080-exec-6][DEBUG][SessionInterceptor:preHandle:42] - org.apache.catalina.session.StandardSessionFacade@54d7edbf
[17:58:13:78][http-nio-8080-exec-7][DEBUG][SessionInterceptor:preHandle:42] - org.apache.catalina.session.StandardSessionFacade@54d7edbf
[17:58:13:78][http-nio-8080-exec-8][DEBUG][SessionInterceptor:preHandle:42] - org.apache.catalina.session.StandardSessionFacade@54d7edbf
[17:58:13:79][http-nio-8080-exec-9][DEBUG][SessionInterceptor:preHandle:42] - org.apache.catalina.session.StandardSessionFacade@54d7edbf
[17:58:13:80][http-nio-8080-exec-10][DEBUG][SessionInterceptor:preHandle:42] - org.apache.catalina.session.StandardSessionFacade@54d7edbf
[17:58:18:87][http-nio-8080-exec-1][DEBUG][SessionInterceptor:preHandle:42] - org.apache.catalina.session.StandardSessionFacade@54d7edbf
[17:58:18:89][http-nio-8080-exec-2][DEBUG][SessionInterceptor:preHandle:42] - org.apache.catalina.session.StandardSessionFacade@54d7edbf
[17:58:18:90][http-nio-8080-exec-3][DEBUG][SessionInterceptor:preHandle:42] - org.apache.catalina.session.StandardSessionFacade@54d7edbf
[17:58:18:90][http-nio-8080-exec-4][DEBUG][SessionInterceptor:preHandle:42] - org.apache.catalina.session.StandardSessionFacade@54d7edbf
[17:58:18:91][http-nio-8080-exec-5][DEBUG][SessionInterceptor:preHandle:42] - org.apache.catalina.session.StandardSessionFacade@54d7edbf
[17:58:18:92][http-nio-8080-exec-6][DEBUG][SessionInterceptor:preHandle:42] - org.apache.catalina.session.StandardSessionFacade@54d7edbf
[17:58:18:93][http-nio-8080-exec-7][DEBUG][SessionInterceptor:preHandle:42] - org.apache.catalina.session.StandardSessionFacade@54d7edbf
[17:58:18:95][http-nio-8080-exec-8][DEBUG][SessionInterceptor:preHandle:42] - org.apache.catalina.session.StandardSessionFacade@54d7edbf
[17:58:18:97][http-nio-8080-exec-9][DEBUG][SessionInterceptor:preHandle:42] - org.apache.catalina.session.StandardSessionFacade@54d7edbf
[17:58:18:98][http-nio-8080-exec-10][DEBUG][SessionInterceptor:preHandle:42] - org.apache.catalina.session.StandardSessionFacade@54d7edbf
[17:58:18:99][http-nio-8080-exec-1][DEBUG][SessionInterceptor:preHandle:42] - org.apache.catalina.session.StandardSessionFacade@54d7edbf
[17:58:19:00][http-nio-8080-exec-2][DEBUG][SessionInterceptor:preHandle:42] - org.apache.catalina.session.StandardSessionFacade@54d7edbf
[17:58:19:01][http-nio-8080-exec-3][DEBUG][SessionInterceptor:preHandle:42] - org.apache.catalina.session.StandardSessionFacade@54d7edbf
[17:58:19:02][http-nio-8080-exec-4][DEBUG][SessionInterceptor:preHandle:42] - org.apache.catalina.session.StandardSessionFacade@54d7edbf
[17:58:19:03][http-nio-8080-exec-5][DEBUG][SessionInterceptor:preHandle:42] - org.apache.catalina.session.StandardSessionFacade@54d7edbf
[17:58:19:06][http-nio-8080-exec-6][DEBUG][SessionInterceptor:preHandle:42] - org.apache.catalina.session.StandardSessionFacade@54d7edbf
[17:58:19:07][http-nio-8080-exec-7][DEBUG][SessionInterceptor:preHandle:42] - org.apache.catalina.session.StandardSessionFacade@54d7edbf
[17:58:19:08][http-nio-8080-exec-8][DEBUG][SessionInterceptor:preHandle:42] - org.apache.catalina.session.StandardSessionFacade@54d7edbf
[17:58:19:09][http-nio-8080-exec-9][DEBUG][SessionInterceptor:preHandle:42] - org.apache.catalina.session.StandardSessionFacade@54d7edbf
[17:58:19:11][http-nio-8080-exec-10][DEBUG][SessionInterceptor:preHandle:42] - org.apache.catalina.session.StandardSessionFacade@54d7edbf
[17:58:32:19][restartedMain][INFO ][BaseFrontApplication:logStarting:50] - Starting BaseFrontApplication using Java 17.0.11 with PID 18724 (D:\_Dev\Java\workspace_sts\BaseFront\target\classes started by 김대광 in D:\_Dev\Java\workspace_sts\BaseFront)
[17:58:32:19][restartedMain][DEBUG][BaseFrontApplication:logStarting:51] - Running with Spring Boot v3.3.0, Spring v6.1.8
[17:58:32:19][restartedMain][INFO ][BaseFrontApplication:logStartupProfileInfo:660] - The following 1 profile is active: "local"
[17:58:32:59][restartedMain][INFO ][BaseFrontApplication:logStarted:56] - Started BaseFrontApplication in 0.438 seconds (process running for 135.88)
[17:58:35:99][http-nio-8080-exec-1][DEBUG][SessionInterceptor:preHandle:42] - org.apache.catalina.session.StandardSessionFacade@34ae412a
[17:58:35:99][http-nio-8080-exec-2][DEBUG][SessionInterceptor:preHandle:42] - org.apache.catalina.session.StandardSessionFacade@34ae412a
[17:58:36:00][http-nio-8080-exec-3][DEBUG][SessionInterceptor:preHandle:42] - org.apache.catalina.session.StandardSessionFacade@34ae412a
[17:58:36:00][http-nio-8080-exec-4][DEBUG][SessionInterceptor:preHandle:42] - org.apache.catalina.session.StandardSessionFacade@34ae412a
[17:58:36:01][http-nio-8080-exec-5][DEBUG][SessionInterceptor:preHandle:42] - org.apache.catalina.session.StandardSessionFacade@34ae412a
[17:58:36:02][http-nio-8080-exec-6][DEBUG][SessionInterceptor:preHandle:42] - org.apache.catalina.session.StandardSessionFacade@34ae412a
[17:58:36:03][http-nio-8080-exec-7][DEBUG][SessionInterceptor:preHandle:42] - org.apache.catalina.session.StandardSessionFacade@34ae412a
[17:58:36:04][http-nio-8080-exec-8][DEBUG][SessionInterceptor:preHandle:42] - org.apache.catalina.session.StandardSessionFacade@34ae412a
[17:58:36:04][http-nio-8080-exec-9][DEBUG][SessionInterceptor:preHandle:42] - org.apache.catalina.session.StandardSessionFacade@34ae412a
[17:58:36:05][http-nio-8080-exec-10][DEBUG][SessionInterceptor:preHandle:42] - org.apache.catalina.session.StandardSessionFacade@34ae412a
[17:58:36:06][http-nio-8080-exec-1][DEBUG][SessionInterceptor:preHandle:42] - org.apache.catalina.session.StandardSessionFacade@34ae412a
[17:58:36:06][http-nio-8080-exec-2][DEBUG][SessionInterceptor:preHandle:42] - org.apache.catalina.session.StandardSessionFacade@34ae412a
[17:58:36:07][http-nio-8080-exec-3][DEBUG][SessionInterceptor:preHandle:42] - org.apache.catalina.session.StandardSessionFacade@34ae412a
[17:58:36:08][http-nio-8080-exec-4][DEBUG][SessionInterceptor:preHandle:42] - org.apache.catalina.session.StandardSessionFacade@34ae412a
[17:58:36:08][http-nio-8080-exec-5][DEBUG][SessionInterceptor:preHandle:42] - org.apache.catalina.session.StandardSessionFacade@34ae412a
[17:58:36:09][http-nio-8080-exec-6][DEBUG][SessionInterceptor:preHandle:42] - org.apache.catalina.session.StandardSessionFacade@34ae412a
[17:58:36:10][http-nio-8080-exec-7][DEBUG][SessionInterceptor:preHandle:42] - org.apache.catalina.session.StandardSessionFacade@34ae412a
[17:58:36:10][http-nio-8080-exec-8][DEBUG][SessionInterceptor:preHandle:42] - org.apache.catalina.session.StandardSessionFacade@34ae412a
[17:58:36:11][http-nio-8080-exec-9][DEBUG][SessionInterceptor:preHandle:42] - org.apache.catalina.session.StandardSessionFacade@34ae412a
[17:58:36:13][http-nio-8080-exec-10][DEBUG][SessionInterceptor:preHandle:42] - org.apache.catalina.session.StandardSessionFacade@34ae412a
[17:58:38:13][http-nio-8080-exec-2][DEBUG][SessionInterceptor:preHandle:42] - org.apache.catalina.session.StandardSessionFacade@34ae412a
[17:58:38:14][http-nio-8080-exec-3][DEBUG][SessionInterceptor:preHandle:42] - org.apache.catalina.session.StandardSessionFacade@34ae412a
[17:58:38:14][http-nio-8080-exec-4][DEBUG][SessionInterceptor:preHandle:42] - org.apache.catalina.session.StandardSessionFacade@34ae412a
[17:58:38:15][http-nio-8080-exec-5][DEBUG][SessionInterceptor:preHandle:42] - org.apache.catalina.session.StandardSessionFacade@34ae412a
[17:58:38:16][http-nio-8080-exec-6][DEBUG][SessionInterceptor:preHandle:42] - org.apache.catalina.session.StandardSessionFacade@34ae412a
[17:58:38:17][http-nio-8080-exec-7][DEBUG][SessionInterceptor:preHandle:42] - org.apache.catalina.session.StandardSessionFacade@34ae412a
[17:58:38:17][http-nio-8080-exec-8][DEBUG][SessionInterceptor:preHandle:42] - org.apache.catalina.session.StandardSessionFacade@34ae412a
[17:58:38:18][http-nio-8080-exec-9][DEBUG][SessionInterceptor:preHandle:42] - org.apache.catalina.session.StandardSessionFacade@34ae412a
[17:58:38:19][http-nio-8080-exec-10][DEBUG][SessionInterceptor:preHandle:42] - org.apache.catalina.session.StandardSessionFacade@34ae412a
[17:58:38:19][http-nio-8080-exec-1][DEBUG][SessionInterceptor:preHandle:42] - org.apache.catalina.session.StandardSessionFacade@34ae412a
[17:58:38:21][http-nio-8080-exec-2][DEBUG][SessionInterceptor:preHandle:42] - org.apache.catalina.session.StandardSessionFacade@34ae412a
[17:58:38:21][http-nio-8080-exec-3][DEBUG][SessionInterceptor:preHandle:42] - org.apache.catalina.session.StandardSessionFacade@34ae412a
[17:58:38:22][http-nio-8080-exec-4][DEBUG][SessionInterceptor:preHandle:42] - org.apache.catalina.session.StandardSessionFacade@34ae412a
[17:58:38:23][http-nio-8080-exec-5][DEBUG][SessionInterceptor:preHandle:42] - org.apache.catalina.session.StandardSessionFacade@34ae412a
[17:58:38:23][http-nio-8080-exec-6][DEBUG][SessionInterceptor:preHandle:42] - org.apache.catalina.session.StandardSessionFacade@34ae412a
[17:58:38:24][http-nio-8080-exec-7][DEBUG][SessionInterceptor:preHandle:42] - org.apache.catalina.session.StandardSessionFacade@34ae412a
[17:58:38:25][http-nio-8080-exec-8][DEBUG][SessionInterceptor:preHandle:42] - org.apache.catalina.session.StandardSessionFacade@34ae412a
[17:58:38:25][http-nio-8080-exec-9][DEBUG][SessionInterceptor:preHandle:42] - org.apache.catalina.session.StandardSessionFacade@34ae412a
[17:58:38:26][http-nio-8080-exec-10][DEBUG][SessionInterceptor:preHandle:42] - org.apache.catalina.session.StandardSessionFacade@34ae412a
[17:58:39:35][http-nio-8080-exec-1][DEBUG][SessionInterceptor:preHandle:42] - org.apache.catalina.session.StandardSessionFacade@34ae412a
[17:58:39:36][http-nio-8080-exec-2][DEBUG][SessionInterceptor:preHandle:42] - org.apache.catalina.session.StandardSessionFacade@34ae412a
[17:58:39:37][http-nio-8080-exec-3][DEBUG][SessionInterceptor:preHandle:42] - org.apache.catalina.session.StandardSessionFacade@34ae412a
[17:58:39:38][http-nio-8080-exec-4][DEBUG][SessionInterceptor:preHandle:42] - org.apache.catalina.session.StandardSessionFacade@34ae412a
[17:58:39:39][http-nio-8080-exec-5][DEBUG][SessionInterceptor:preHandle:42] - org.apache.catalina.session.StandardSessionFacade@34ae412a
[17:58:39:39][http-nio-8080-exec-6][DEBUG][SessionInterceptor:preHandle:42] - org.apache.catalina.session.StandardSessionFacade@34ae412a
[17:58:39:40][http-nio-8080-exec-7][DEBUG][SessionInterceptor:preHandle:42] - org.apache.catalina.session.StandardSessionFacade@34ae412a
[17:58:39:41][http-nio-8080-exec-8][DEBUG][SessionInterceptor:preHandle:42] - org.apache.catalina.session.StandardSessionFacade@34ae412a
[17:58:39:42][http-nio-8080-exec-9][DEBUG][SessionInterceptor:preHandle:42] - org.apache.catalina.session.StandardSessionFacade@34ae412a
[17:58:39:43][http-nio-8080-exec-10][DEBUG][SessionInterceptor:preHandle:42] - org.apache.catalina.session.StandardSessionFacade@34ae412a
[17:58:39:43][http-nio-8080-exec-1][DEBUG][SessionInterceptor:preHandle:42] - org.apache.catalina.session.StandardSessionFacade@34ae412a
[17:58:39:44][http-nio-8080-exec-2][DEBUG][SessionInterceptor:preHandle:42] - org.apache.catalina.session.StandardSessionFacade@34ae412a
[17:58:39:45][http-nio-8080-exec-3][DEBUG][SessionInterceptor:preHandle:42] - org.apache.catalina.session.StandardSessionFacade@34ae412a
[17:58:39:45][http-nio-8080-exec-4][DEBUG][SessionInterceptor:preHandle:42] - org.apache.catalina.session.StandardSessionFacade@34ae412a
[17:58:39:46][http-nio-8080-exec-5][DEBUG][SessionInterceptor:preHandle:42] - org.apache.catalina.session.StandardSessionFacade@34ae412a
[17:58:39:47][http-nio-8080-exec-6][DEBUG][SessionInterceptor:preHandle:42] - org.apache.catalina.session.StandardSessionFacade@34ae412a
[17:58:39:48][http-nio-8080-exec-7][DEBUG][SessionInterceptor:preHandle:42] - org.apache.catalina.session.StandardSessionFacade@34ae412a
[17:58:39:49][http-nio-8080-exec-8][DEBUG][SessionInterceptor:preHandle:42] - org.apache.catalina.session.StandardSessionFacade@34ae412a
[17:58:39:49][http-nio-8080-exec-9][DEBUG][SessionInterceptor:preHandle:42] - org.apache.catalina.session.StandardSessionFacade@34ae412a
[17:58:39:50][http-nio-8080-exec-10][DEBUG][SessionInterceptor:preHandle:42] - org.apache.catalina.session.StandardSessionFacade@34ae412a
[17:58:44:57][http-nio-8080-exec-1][DEBUG][SessionInterceptor:preHandle:42] - org.apache.catalina.session.StandardSessionFacade@34ae412a
[17:58:44:58][http-nio-8080-exec-2][DEBUG][SessionInterceptor:preHandle:42] - org.apache.catalina.session.StandardSessionFacade@34ae412a
[17:58:44:59][http-nio-8080-exec-3][DEBUG][SessionInterceptor:preHandle:42] - org.apache.catalina.session.StandardSessionFacade@34ae412a
[17:58:44:60][http-nio-8080-exec-4][DEBUG][SessionInterceptor:preHandle:42] - org.apache.catalina.session.StandardSessionFacade@34ae412a
[17:58:44:60][http-nio-8080-exec-5][DEBUG][SessionInterceptor:preHandle:42] - org.apache.catalina.session.StandardSessionFacade@34ae412a
[17:58:44:61][http-nio-8080-exec-6][DEBUG][SessionInterceptor:preHandle:42] - org.apache.catalina.session.StandardSessionFacade@34ae412a
[17:58:44:62][http-nio-8080-exec-7][DEBUG][SessionInterceptor:preHandle:42] - org.apache.catalina.session.StandardSessionFacade@34ae412a
[17:58:44:63][http-nio-8080-exec-8][DEBUG][SessionInterceptor:preHandle:42] - org.apache.catalina.session.StandardSessionFacade@34ae412a
[17:58:44:64][http-nio-8080-exec-9][DEBUG][SessionInterceptor:preHandle:42] - org.apache.catalina.session.StandardSessionFacade@34ae412a
[17:58:44:65][http-nio-8080-exec-10][DEBUG][SessionInterceptor:preHandle:42] - org.apache.catalina.session.StandardSessionFacade@34ae412a
[17:58:44:65][http-nio-8080-exec-1][DEBUG][SessionInterceptor:preHandle:42] - org.apache.catalina.session.StandardSessionFacade@34ae412a
[17:58:44:66][http-nio-8080-exec-2][DEBUG][SessionInterceptor:preHandle:42] - org.apache.catalina.session.StandardSessionFacade@34ae412a
[17:58:44:67][http-nio-8080-exec-3][DEBUG][SessionInterceptor:preHandle:42] - org.apache.catalina.session.StandardSessionFacade@34ae412a
[17:58:44:69][http-nio-8080-exec-4][DEBUG][SessionInterceptor:preHandle:42] - org.apache.catalina.session.StandardSessionFacade@34ae412a
[17:58:44:70][http-nio-8080-exec-5][DEBUG][SessionInterceptor:preHandle:42] - org.apache.catalina.session.StandardSessionFacade@34ae412a
[17:58:44:70][http-nio-8080-exec-6][DEBUG][SessionInterceptor:preHandle:42] - org.apache.catalina.session.StandardSessionFacade@34ae412a
[17:58:44:71][http-nio-8080-exec-7][DEBUG][SessionInterceptor:preHandle:42] - org.apache.catalina.session.StandardSessionFacade@34ae412a
[17:58:44:72][http-nio-8080-exec-8][DEBUG][SessionInterceptor:preHandle:42] - org.apache.catalina.session.StandardSessionFacade@34ae412a
[17:58:44:73][http-nio-8080-exec-9][DEBUG][SessionInterceptor:preHandle:42] - org.apache.catalina.session.StandardSessionFacade@34ae412a
[17:58:44:74][http-nio-8080-exec-10][DEBUG][SessionInterceptor:preHandle:42] - org.apache.catalina.session.StandardSessionFacade@34ae412a
[17:58:52:55][restartedMain][INFO ][BaseFrontApplication:logStarting:50] - Starting BaseFrontApplication using Java 17.0.11 with PID 18724 (D:\_Dev\Java\workspace_sts\BaseFront\target\classes started by 김대광 in D:\_Dev\Java\workspace_sts\BaseFront)
[17:58:52:55][restartedMain][DEBUG][BaseFrontApplication:logStarting:51] - Running with Spring Boot v3.3.0, Spring v6.1.8
[17:58:52:55][restartedMain][INFO ][BaseFrontApplication:logStartupProfileInfo:660] - The following 1 profile is active: "local"
[17:58:52:87][restartedMain][INFO ][BaseFrontApplication:logStarted:56] - Started BaseFrontApplication in 0.346 seconds (process running for 156.158)
[17:58:54:28][http-nio-8080-exec-1][DEBUG][SessionInterceptor:preHandle:42] - org.apache.catalina.session.StandardSessionFacade@172461e4
[17:58:54:28][http-nio-8080-exec-2][DEBUG][SessionInterceptor:preHandle:42] - org.apache.catalina.session.StandardSessionFacade@172461e4
[17:58:54:29][http-nio-8080-exec-3][DEBUG][SessionInterceptor:preHandle:42] - org.apache.catalina.session.StandardSessionFacade@172461e4
[17:58:54:30][http-nio-8080-exec-4][DEBUG][SessionInterceptor:preHandle:42] - org.apache.catalina.session.StandardSessionFacade@172461e4
[17:58:54:30][http-nio-8080-exec-5][DEBUG][SessionInterceptor:preHandle:42] - org.apache.catalina.session.StandardSessionFacade@172461e4
[17:58:54:32][http-nio-8080-exec-6][DEBUG][SessionInterceptor:preHandle:42] - org.apache.catalina.session.StandardSessionFacade@172461e4
[17:58:54:34][http-nio-8080-exec-7][DEBUG][SessionInterceptor:preHandle:42] - org.apache.catalina.session.StandardSessionFacade@172461e4
[17:58:54:34][http-nio-8080-exec-8][DEBUG][SessionInterceptor:preHandle:42] - org.apache.catalina.session.StandardSessionFacade@172461e4
[17:58:54:35][http-nio-8080-exec-9][DEBUG][SessionInterceptor:preHandle:42] - org.apache.catalina.session.StandardSessionFacade@172461e4
[17:58:54:36][http-nio-8080-exec-10][DEBUG][SessionInterceptor:preHandle:42] - org.apache.catalina.session.StandardSessionFacade@172461e4
[17:58:54:36][http-nio-8080-exec-1][DEBUG][SessionInterceptor:preHandle:42] - org.apache.catalina.session.StandardSessionFacade@172461e4
[17:58:54:38][http-nio-8080-exec-2][DEBUG][SessionInterceptor:preHandle:42] - org.apache.catalina.session.StandardSessionFacade@172461e4
[17:58:54:39][http-nio-8080-exec-3][DEBUG][SessionInterceptor:preHandle:42] - org.apache.catalina.session.StandardSessionFacade@172461e4
[17:58:54:39][http-nio-8080-exec-4][DEBUG][SessionInterceptor:preHandle:42] - org.apache.catalina.session.StandardSessionFacade@172461e4
[17:58:54:40][http-nio-8080-exec-5][DEBUG][SessionInterceptor:preHandle:42] - org.apache.catalina.session.StandardSessionFacade@172461e4
[17:58:54:41][http-nio-8080-exec-6][DEBUG][SessionInterceptor:preHandle:42] - org.apache.catalina.session.StandardSessionFacade@172461e4
[17:58:54:41][http-nio-8080-exec-7][DEBUG][SessionInterceptor:preHandle:42] - org.apache.catalina.session.StandardSessionFacade@172461e4
[17:58:54:43][http-nio-8080-exec-8][DEBUG][SessionInterceptor:preHandle:42] - org.apache.catalina.session.StandardSessionFacade@172461e4
[17:58:54:43][http-nio-8080-exec-9][DEBUG][SessionInterceptor:preHandle:42] - org.apache.catalina.session.StandardSessionFacade@172461e4
[17:58:54:44][http-nio-8080-exec-10][DEBUG][SessionInterceptor:preHandle:42] - org.apache.catalina.session.StandardSessionFacade@172461e4
[17:59:24:51][http-nio-8080-exec-1][DEBUG][SessionInterceptor:preHandle:42] - org.apache.catalina.session.StandardSessionFacade@172461e4
[17:59:24:52][http-nio-8080-exec-2][DEBUG][SessionInterceptor:preHandle:42] - org.apache.catalina.session.StandardSessionFacade@172461e4
[17:59:24:53][http-nio-8080-exec-3][DEBUG][SessionInterceptor:preHandle:42] - org.apache.catalina.session.StandardSessionFacade@172461e4
[17:59:24:53][http-nio-8080-exec-4][DEBUG][SessionInterceptor:preHandle:42] - org.apache.catalina.session.StandardSessionFacade@172461e4
[17:59:24:54][http-nio-8080-exec-5][DEBUG][SessionInterceptor:preHandle:42] - org.apache.catalina.session.StandardSessionFacade@172461e4
[17:59:24:55][http-nio-8080-exec-6][DEBUG][SessionInterceptor:preHandle:42] - org.apache.catalina.session.StandardSessionFacade@172461e4
[17:59:24:55][http-nio-8080-exec-7][DEBUG][SessionInterceptor:preHandle:42] - org.apache.catalina.session.StandardSessionFacade@172461e4
[17:59:24:56][http-nio-8080-exec-8][DEBUG][SessionInterceptor:preHandle:42] - org.apache.catalina.session.StandardSessionFacade@172461e4
[17:59:24:58][http-nio-8080-exec-9][DEBUG][SessionInterceptor:preHandle:42] - org.apache.catalina.session.StandardSessionFacade@172461e4
[17:59:24:58][http-nio-8080-exec-10][DEBUG][SessionInterceptor:preHandle:42] - org.apache.catalina.session.StandardSessionFacade@172461e4
[17:59:24:59][http-nio-8080-exec-1][DEBUG][SessionInterceptor:preHandle:42] - org.apache.catalina.session.StandardSessionFacade@172461e4
[17:59:24:60][http-nio-8080-exec-2][DEBUG][SessionInterceptor:preHandle:42] - org.apache.catalina.session.StandardSessionFacade@172461e4
[17:59:24:61][http-nio-8080-exec-3][DEBUG][SessionInterceptor:preHandle:42] - org.apache.catalina.session.StandardSessionFacade@172461e4
[17:59:24:62][http-nio-8080-exec-4][DEBUG][SessionInterceptor:preHandle:42] - org.apache.catalina.session.StandardSessionFacade@172461e4
[17:59:24:62][http-nio-8080-exec-5][DEBUG][SessionInterceptor:preHandle:42] - org.apache.catalina.session.StandardSessionFacade@172461e4
[17:59:24:63][http-nio-8080-exec-6][DEBUG][SessionInterceptor:preHandle:42] - org.apache.catalina.session.StandardSessionFacade@172461e4
[17:59:24:64][http-nio-8080-exec-7][DEBUG][SessionInterceptor:preHandle:42] - org.apache.catalina.session.StandardSessionFacade@172461e4
[17:59:24:65][http-nio-8080-exec-8][DEBUG][SessionInterceptor:preHandle:42] - org.apache.catalina.session.StandardSessionFacade@172461e4
[17:59:24:66][http-nio-8080-exec-9][DEBUG][SessionInterceptor:preHandle:42] - org.apache.catalina.session.StandardSessionFacade@172461e4
[17:59:24:66][http-nio-8080-exec-10][DEBUG][SessionInterceptor:preHandle:42] - org.apache.catalina.session.StandardSessionFacade@172461e4
[18:00:01:45][restartedMain][INFO ][BaseFrontApplication:logStarting:50] - Starting BaseFrontApplication using Java 17.0.11 with PID 18724 (D:\_Dev\Java\workspace_sts\BaseFront\target\classes started by 김대광 in D:\_Dev\Java\workspace_sts\BaseFront)
[18:00:01:45][restartedMain][DEBUG][BaseFrontApplication:logStarting:51] - Running with Spring Boot v3.3.0, Spring v6.1.8
[18:00:01:45][restartedMain][INFO ][BaseFrontApplication:logStartupProfileInfo:660] - The following 1 profile is active: "local"
[18:00:01:82][restartedMain][INFO ][BaseFrontApplication:logStarted:56] - Started BaseFrontApplication in 0.396 seconds (process running for 225.111)
[18:00:04:07][http-nio-8080-exec-2][DEBUG][SessionInterceptor:preHandle:42] - org.apache.catalina.session.StandardSessionFacade@63dab5ba
[18:00:04:34][http-nio-8080-exec-5][DEBUG][SessionInterceptor:preHandle:42] - org.apache.catalina.session.StandardSessionFacade@63dab5ba
[18:00:34:00][restartedMain][INFO ][BaseFrontApplication:logStarting:50] - Starting BaseFrontApplication using Java 17.0.11 with PID 18724 (D:\_Dev\Java\workspace_sts\BaseFront\target\classes started by 김대광 in D:\_Dev\Java\workspace_sts\BaseFront)
[18:00:34:00][restartedMain][DEBUG][BaseFrontApplication:logStarting:51] - Running with Spring Boot v3.3.0, Spring v6.1.8
[18:00:34:00][restartedMain][INFO ][BaseFrontApplication:logStartupProfileInfo:660] - The following 1 profile is active: "local"
[18:00:34:34][restartedMain][INFO ][BaseFrontApplication:logStarted:56] - Started BaseFrontApplication in 0.37 seconds (process running for 257.63)
[18:00:38:00][restartedMain][INFO ][BaseFrontApplication:logStarting:50] - Starting BaseFrontApplication using Java 17.0.11 with PID 18724 (D:\_Dev\Java\workspace_sts\BaseFront\target\classes started by 김대광 in D:\_Dev\Java\workspace_sts\BaseFront)
[18:00:38:00][restartedMain][DEBUG][BaseFrontApplication:logStarting:51] - Running with Spring Boot v3.3.0, Spring v6.1.8
[18:00:38:00][restartedMain][INFO ][BaseFrontApplication:logStartupProfileInfo:660] - The following 1 profile is active: "local"
[18:00:38:34][restartedMain][INFO ][BaseFrontApplication:logStarted:56] - Started BaseFrontApplication in 0.376 seconds (process running for 261.626)
[18:00:39:97][http-nio-8080-exec-2][DEBUG][SessionInterceptor:preHandle:42] - org.apache.catalina.session.StandardSessionFacade@6fbf9be8
[18:00:43:36][http-nio-8080-exec-7][DEBUG][SessionInterceptor:preHandle:42] - org.apache.catalina.session.StandardSessionFacade@6fbf9be8
[18:00:43:57][http-nio-8080-exec-9][DEBUG][SessionInterceptor:preHandle:42] - org.apache.catalina.session.StandardSessionFacade@6fbf9be8
[18:00:44:66][http-nio-8080-exec-1][DEBUG][SessionInterceptor:preHandle:42] - org.apache.catalina.session.StandardSessionFacade@6fbf9be8
[18:00:44:85][http-nio-8080-exec-3][DEBUG][SessionInterceptor:preHandle:42] - org.apache.catalina.session.StandardSessionFacade@6fbf9be8
[18:00:46:36][http-nio-8080-exec-6][DEBUG][SessionInterceptor:preHandle:42] - org.apache.catalina.session.StandardSessionFacade@6fbf9be8
[18:00:57:40][restartedMain][INFO ][BaseFrontApplication:logStarting:50] - Starting BaseFrontApplication using Java 17.0.11 with PID 18724 (D:\_Dev\Java\workspace_sts\BaseFront\target\classes started by 김대광 in D:\_Dev\Java\workspace_sts\BaseFront)
[18:00:57:40][restartedMain][DEBUG][BaseFrontApplication:logStarting:51] - Running with Spring Boot v3.3.0, Spring v6.1.8
[18:00:57:40][restartedMain][INFO ][BaseFrontApplication:logStartupProfileInfo:660] - The following 1 profile is active: "local"
[18:00:57:78][restartedMain][INFO ][BaseFrontApplication:logStarted:56] - Started BaseFrontApplication in 0.424 seconds (process running for 281.074)
[18:01:02:43][restartedMain][INFO ][BaseFrontApplication:logStarting:50] - Starting BaseFrontApplication using Java 17.0.11 with PID 18724 (D:\_Dev\Java\workspace_sts\BaseFront\target\classes started by 김대광 in D:\_Dev\Java\workspace_sts\BaseFront)
[18:01:02:43][restartedMain][DEBUG][BaseFrontApplication:logStarting:51] - Running with Spring Boot v3.3.0, Spring v6.1.8
[18:01:02:43][restartedMain][INFO ][BaseFrontApplication:logStartupProfileInfo:660] - The following 1 profile is active: "local"
[18:01:02:74][restartedMain][INFO ][BaseFrontApplication:logStarted:56] - Started BaseFrontApplication in 0.337 seconds (process running for 286.027)
[18:01:04:25][http-nio-8080-exec-2][DEBUG][SessionInterceptor:preHandle:42] - org.apache.catalina.session.StandardSessionFacade@19c0afa6
[18:01:04:52][http-nio-8080-exec-5][DEBUG][SessionInterceptor:preHandle:42] - org.apache.catalina.session.StandardSessionFacade@19c0afa6
[18:01:06:86][http-nio-8080-exec-8][DEBUG][SessionInterceptor:preHandle:42] - org.apache.catalina.session.StandardSessionFacade@19c0afa6
[18:01:08:59][http-nio-8080-exec-2][DEBUG][SessionInterceptor:preHandle:42] - org.apache.catalina.session.StandardSessionFacade@19c0afa6
[18:01:08:79][http-nio-8080-exec-4][DEBUG][SessionInterceptor:preHandle:42] - org.apache.catalina.session.StandardSessionFacade@19c0afa6
[18:01:20:77][restartedMain][INFO ][BaseFrontApplication:logStarting:50] - Starting BaseFrontApplication using Java 17.0.11 with PID 18724 (D:\_Dev\Java\workspace_sts\BaseFront\target\classes started by 김대광 in D:\_Dev\Java\workspace_sts\BaseFront)
[18:01:20:77][restartedMain][DEBUG][BaseFrontApplication:logStarting:51] - Running with Spring Boot v3.3.0, Spring v6.1.8
[18:01:20:77][restartedMain][INFO ][BaseFrontApplication:logStartupProfileInfo:660] - The following 1 profile is active: "local"
[18:01:21:07][restartedMain][INFO ][BaseFrontApplication:logStarted:56] - Started BaseFrontApplication in 0.334 seconds (process running for 304.361)
[18:01:22:89][http-nio-8080-exec-3][DEBUG][SessionInterceptor:preHandle:42] - org.apache.catalina.session.StandardSessionFacade@64a9ff4f
[18:01:23:18][http-nio-8080-exec-5][DEBUG][SessionInterceptor:preHandle:42] - org.apache.catalina.session.StandardSessionFacade@64a9ff4f
[18:01:24:95][http-nio-8080-exec-8][DEBUG][SessionInterceptor:preHandle:42] - org.apache.catalina.session.StandardSessionFacade@64a9ff4f
[18:01:25:16][http-nio-8080-exec-1][DEBUG][SessionInterceptor:preHandle:42] - org.apache.catalina.session.StandardSessionFacade@64a9ff4f
[18:01:32:93][restartedMain][INFO ][BaseFrontApplication:logStarting:50] - Starting BaseFrontApplication using Java 17.0.11 with PID 18724 (D:\_Dev\Java\workspace_sts\BaseFront\target\classes started by 김대광 in D:\_Dev\Java\workspace_sts\BaseFront)
[18:01:32:93][restartedMain][DEBUG][BaseFrontApplication:logStarting:51] - Running with Spring Boot v3.3.0, Spring v6.1.8
[18:01:32:94][restartedMain][INFO ][BaseFrontApplication:logStartupProfileInfo:660] - The following 1 profile is active: "local"
[18:01:33:23][restartedMain][INFO ][BaseFrontApplication:logStarted:56] - Started BaseFrontApplication in 0.318 seconds (process running for 316.521)
[18:01:34:47][http-nio-8080-exec-2][DEBUG][SessionInterceptor:preHandle:42] - org.apache.catalina.session.StandardSessionFacade@138ac948
[18:01:37:52][http-nio-8080-exec-6][DEBUG][SessionInterceptor:preHandle:42] - org.apache.catalina.session.StandardSessionFacade@138ac948
[18:01:37:72][http-nio-8080-exec-8][DEBUG][SessionInterceptor:preHandle:42] - org.apache.catalina.session.StandardSessionFacade@138ac948
[18:01:51:87][http-nio-8080-exec-10][DEBUG][SessionInterceptor:preHandle:42] - org.apache.catalina.session.StandardSessionFacade@138ac948
[18:01:53:49][http-nio-8080-exec-3][DEBUG][SessionInterceptor:preHandle:42] - org.apache.catalina.session.StandardSessionFacade@138ac948
[18:01:54:30][http-nio-8080-exec-5][DEBUG][SessionInterceptor:preHandle:42] - org.apache.catalina.session.StandardSessionFacade@138ac948
[18:02:04:47][http-nio-8080-exec-7][DEBUG][SessionInterceptor:preHandle:42] - org.apache.catalina.session.StandardSessionFacade@138ac948
[18:02:04:65][http-nio-8080-exec-9][DEBUG][SessionInterceptor:preHandle:42] - org.apache.catalina.session.StandardSessionFacade@138ac948
[18:02:05:68][http-nio-8080-exec-1][DEBUG][SessionInterceptor:preHandle:42] - org.apache.catalina.session.StandardSessionFacade@138ac948
[18:02:46:13][http-nio-8080-exec-6][DEBUG][SessionInterceptor:preHandle:42] - org.apache.catalina.session.StandardSessionFacade@138ac948
[18:02:46:33][http-nio-8080-exec-8][DEBUG][SessionInterceptor:preHandle:42] - org.apache.catalina.session.StandardSessionFacade@138ac948
[18:04:47:94][restartedMain][INFO ][BaseFrontApplication:logStarting:50] - Starting BaseFrontApplication using Java 17.0.11 with PID 18724 (D:\_Dev\Java\workspace_sts\BaseFront\target\classes started by 김대광 in D:\_Dev\Java\workspace_sts\BaseFront)
[18:04:47:94][restartedMain][DEBUG][BaseFrontApplication:logStarting:51] - Running with Spring Boot v3.3.0, Spring v6.1.8
[18:04:47:94][restartedMain][INFO ][BaseFrontApplication:logStartupProfileInfo:660] - The following 1 profile is active: "local"
[18:04:48:28][restartedMain][INFO ][BaseFrontApplication:logStarted:56] - Started BaseFrontApplication in 0.365 seconds (process running for 511.568)
[18:05:36:97][restartedMain][INFO ][BaseFrontApplication:logStarting:50] - Starting BaseFrontApplication using Java 17.0.11 with PID 18724 (D:\_Dev\Java\workspace_sts\BaseFront\target\classes started by 김대광 in D:\_Dev\Java\workspace_sts\BaseFront)
[18:05:36:97][restartedMain][DEBUG][BaseFrontApplication:logStarting:51] - Running with Spring Boot v3.3.0, Spring v6.1.8
[18:05:36:97][restartedMain][INFO ][BaseFrontApplication:logStartupProfileInfo:660] - The following 1 profile is active: "local"
[18:05:37:26][restartedMain][INFO ][BaseFrontApplication:logStarted:56] - Started BaseFrontApplication in 0.314 seconds (process running for 560.551)
[18:05:44:89][restartedMain][INFO ][BaseFrontApplication:logStarting:50] - Starting BaseFrontApplication using Java 17.0.11 with PID 18724 (D:\_Dev\Java\workspace_sts\BaseFront\target\classes started by 김대광 in D:\_Dev\Java\workspace_sts\BaseFront)
[18:05:44:89][restartedMain][DEBUG][BaseFrontApplication:logStarting:51] - Running with Spring Boot v3.3.0, Spring v6.1.8
[18:05:44:89][restartedMain][INFO ][BaseFrontApplication:logStartupProfileInfo:660] - The following 1 profile is active: "local"
[18:05:45:18][restartedMain][INFO ][BaseFrontApplication:logStarted:56] - Started BaseFrontApplication in 0.311 seconds (process running for 568.473)
[18:05:47:71][restartedMain][INFO ][BaseFrontApplication:logStarting:50] - Starting BaseFrontApplication using Java 17.0.11 with PID 18724 (D:\_Dev\Java\workspace_sts\BaseFront\target\classes started by 김대광 in D:\_Dev\Java\workspace_sts\BaseFront)
[18:05:47:71][restartedMain][DEBUG][BaseFrontApplication:logStarting:51] - Running with Spring Boot v3.3.0, Spring v6.1.8
[18:05:47:71][restartedMain][INFO ][BaseFrontApplication:logStartupProfileInfo:660] - The following 1 profile is active: "local"
[18:05:48:01][restartedMain][INFO ][BaseFrontApplication:logStarted:56] - Started BaseFrontApplication in 0.315 seconds (process running for 571.296)
[18:06:10:16][http-nio-8080-exec-1][DEBUG][SessionInterceptor:preHandle:42] - org.apache.catalina.session.StandardSessionFacade@7d465a85
[18:06:11:18][http-nio-8080-exec-4][DEBUG][SessionInterceptor:preHandle:42] - org.apache.catalina.session.StandardSessionFacade@7d465a85
[18:06:12:16][http-nio-8080-exec-6][DEBUG][SessionInterceptor:preHandle:42] - org.apache.catalina.session.StandardSessionFacade@7d465a85
[18:06:12:31][http-nio-8080-exec-8][DEBUG][SessionInterceptor:preHandle:42] - org.apache.catalina.session.StandardSessionFacade@7d465a85
[18:06:13:99][http-nio-8080-exec-10][DEBUG][SessionInterceptor:preHandle:42] - org.apache.catalina.session.StandardSessionFacade@7d465a85
[18:06:37:51][restartedMain][INFO ][BaseFrontApplication:logStarting:50] - Starting BaseFrontApplication using Java 17.0.11 with PID 18724 (D:\_Dev\Java\workspace_sts\BaseFront\target\classes started by 김대광 in D:\_Dev\Java\workspace_sts\BaseFront)
[18:06:37:51][restartedMain][DEBUG][BaseFrontApplication:logStarting:51] - Running with Spring Boot v3.3.0, Spring v6.1.8
[18:06:37:51][restartedMain][INFO ][BaseFrontApplication:logStartupProfileInfo:660] - The following 1 profile is active: "local"
[18:06:37:80][restartedMain][INFO ][BaseFrontApplication:logStarted:56] - Started BaseFrontApplication in 0.321 seconds (process running for 621.093)
[18:06:39:41][http-nio-8080-exec-2][DEBUG][SessionInterceptor:preHandle:42] - org.apache.catalina.session.StandardSessionFacade@7f7054d7
[18:06:40:55][http-nio-8080-exec-6][DEBUG][SessionInterceptor:preHandle:42] - org.apache.catalina.session.StandardSessionFacade@7f7054d7
[18:06:40:72][http-nio-8080-exec-8][DEBUG][SessionInterceptor:preHandle:42] - org.apache.catalina.session.StandardSessionFacade@7f7054d7
[18:09:27:84][http-nio-8080-exec-2][DEBUG][SessionInterceptor:preHandle:42] - org.apache.catalina.session.StandardSessionFacade@7f7054d7
[18:09:29:10][http-nio-8080-exec-5][DEBUG][SessionInterceptor:preHandle:42] - org.apache.catalina.session.StandardSessionFacade@7f7054d7
[18:09:32:96][http-nio-8080-exec-8][DEBUG][SessionInterceptor:preHandle:42] - org.apache.catalina.session.StandardSessionFacade@285af35d
[18:09:33:45][http-nio-8080-exec-10][DEBUG][SessionInterceptor:preHandle:42] - org.apache.catalina.session.StandardSessionFacade@285af35d
[18:09:33:62][http-nio-8080-exec-1][DEBUG][SessionInterceptor:preHandle:42] - org.apache.catalina.session.StandardSessionFacade@285af35d
[18:09:33:62][http-nio-8080-exec-1][DEBUG][SessionInterceptor:preHandle:42] - org.apache.catalina.session.StandardSessionFacade@285af35d
[18:09:38:75][http-nio-8080-exec-2][DEBUG][SessionInterceptor:preHandle:42] - org.apache.catalina.session.StandardSessionFacade@285af35d
[18:10:10:18][restartedMain][INFO ][BaseFrontApplication:logStarting:50] - Starting BaseFrontApplication using Java 17.0.11 with PID 18724 (D:\_Dev\Java\workspace_sts\BaseFront\target\classes started by 김대광 in D:\_Dev\Java\workspace_sts\BaseFront)
[18:10:10:18][restartedMain][DEBUG][BaseFrontApplication:logStarting:51] - Running with Spring Boot v3.3.0, Spring v6.1.8
[18:10:10:18][restartedMain][INFO ][BaseFrontApplication:logStartupProfileInfo:660] - The following 1 profile is active: "local"
[18:10:10:59][restartedMain][INFO ][BaseFrontApplication:logStarted:56] - Started BaseFrontApplication in 0.437 seconds (process running for 833.878)
[18:10:14:48][http-nio-8080-exec-3][DEBUG][SessionInterceptor:preHandle:42] - org.apache.catalina.session.StandardSessionFacade@7632012
[18:10:15:69][http-nio-8080-exec-4][DEBUG][SessionInterceptor:preHandle:42] - org.apache.catalina.session.StandardSessionFacade@7632012
